 THIS SOFTWARE AND ANY ACCOMPANYING DOCUMENTATION
 IS RELEASED "AS IS".  THE U.S. GOVERNMENT MAKES NO
 WARRANTY OF ANY KIND, EXPRESS OR IMPLIED, CONCERNING
 THIS SOFTWARE AND ANY ACCOMPANYING DOCUMENTATION,
 INCLUDING, WITHOUT LIMITATION, ANY WARRANTIES OF
 MERCHANTABILITY OR FITNESS FOR A PARTICULAR PURPOSE.
 IN NO EVENT WILL THE U.S. GOVERNMENT BE LIABLE FOR ANY
 DAMAGES, INCLUDING LOST PROFITS, LOST SAVINGS OR OTHER
 INCIDENTAL OR CONSEQUENTIAL DAMAGES ARISING OUT OF THE 
 USE, OR INABILITY TO USE, THIS SOFTWARE OR ANY
 ACCOMPANYING DOCUMENTATION, EVEN IF INFORMED IN ADVANCE
 OF THE POSSIBILITY OF SUCH DAMAGES.








                                        ****************************************************
                                        *    USAF STABILITY AND CONTROL  DIGITAL DATCOM    *
                                        *    PROGRAM REV. JAN 96   DIRECT INQUIRIES TO:    *
                                        *   WRIGHT LABORATORY  (WL/FIGC)  ATTN: W. BLAKE   *
                                        *         WRIGHT PATTERSON AFB, OHIO  45433        *
                                        *    PHONE (513) 255-6764,   FAX (513) 258-4054    *
                                        ****************************************************
1                         CONERR - INPUT ERROR CHECKING
0 ERROR CODES - N* DENOTES THE NUMBER OF OCCURENCES OF EACH ERROR
0 A - UNKNOWN VARIABLE NAME
0 B - MISSING EQUAL SIGN FOLLOWING VARIABLE NAME
0 C - NON-ARRAY VARIABLE HAS AN ARRAY ELEMENT DESIGNATION - (N)
0 D - NON-ARRAY VARIABLE HAS MULTIPLE VALUES ASSIGNED
0 E - ASSIGNED VALUES EXCEED ARRAY DIMENSION
0 F - SYNTAX ERROR

0******************************  INPUT DATA CARDS  ******************************

 DIM FT                                                                          
 DERIV DEG                                                                       
 DAMP                                                                            
 PART                                                                            
  $FLTCON WT=7000.0, LOOP=2.0,                                                   
          NMACH=1.0, MACH(1)=0.4,                                                
          NALT=1.0, ALT(1)=0.0,                                                  
          NALPHA=20.0,                                                           
          ALSCHD(1)= -16.0, -8.0, -6.0, -4.0, -2.0, 0.0, 2.0, 4.0, 8.0, 9.0,     
              10.0, 12.0, 14.0, 16.0, 18.0, 19.0, 20.0, 21.0, 22.0, 24.0,        
          STMACH=0.6, TSMACH=1.4, TR=1.0$                                        
  $OPTINS SREF=320.8, CBARR=6.75, BLREF=51.7, ROUGFC=0.25E-3$                    
  $SYNTHS XCG=21.9, ZCG=3.125,                                                   
          XW=19.1,  ZW=3.125,  ALIW=2.5,                                         
          XH=39.2,  ZH=7.75,   ALIH=0.0,                                         
          XV=36.0,  ZV=6.0,                                                      
          XVF=28.0, ZVF=7.4,                                                     
          SCALE=1.0, VERTUP=.TRUE.$                                              
  $BODY NX=8.0,                                                                  
        X(1)=0.0,1.0,2.7,6.0,8.8,28.5,39.4,44.8,                                 
        R(1)=0.0,1.25,2.1,2.7,2.76,2.7,1.25,0.0,                                 
        ZU(1)=3.5,4.3,4.8,5.5,7.4,7.4,6.5,5.7,                                   
        ZL(1)=3.5,2.5,2.25,2.1,2.0,2.2,4.3,5.7,                                  
        BNOSE=1.0, BLN=8.8,                                                      
        BTAIL=1.0, BLA=19.7,                                                     
        ITYPE=1.0, METHOD=1.0$                                                   
  $WGPLNF CHRDR=9.4,   CHRDTP=3.01,                                              
          SSPN=25.85,  SSPNE=23.46,                                              
          SAVSI=1.3,                                                             
          CHSTAT=0.25, TWISTA=-3.0,                                              
          DHDADI=3.6,                                                            
          TYPE=1.0$                                                              
 NACA W 5 23014                                                                  
 NACA H 4 0010                                                                   
 NACA V 4 0012                                                                   
 NACA F 4 0012                                                                   
  $HTPLNF CHRDR=4.99, CHRDTP=2.48,                                               
          SSPN=9.42, SSPNE=9.21,                                                 
          SAVSI=5.32,                                                            
          CHSTAT=0.25, TWISTA=0.0,                                               
          DHDADI=9.2,                                                            
          TYPE=1.0$                                                              
  $VTPLNF CHRDTP=3.63, SSPNE=8.85,  SSPN=9.42, CHRDR=8.3,                        
          SAVSI=32.3,  CHSTAT=0.25, TYPE=1.0$                                    
  $VFPLNF CHRDR=11.8, CHRDTP=0.0, CHSTAT=0.0, DHDADO=0.0,                        
          SAVSI=80.0, SSPN=2.3,  SSPNE=2.1, TYPE=1.0$                            
  $JETPWR NENGSJ=2.0,  AIETLJ=2.0,    THSTCJ=0.0,                                
          JIALOC=25.8, JELLOC=4.33,   JEVLOC=5.625,                              
          JEALOC=33.3, JINLTA=2.243,                                             
          AMBTMP=59.7, AMBSTP=2116.8, JERAD=0.755$                               
 CASEID TOTAL: TOTAL: Citation II Model 550 Aircraft (Simple)                    
1          THE FOLLOWING IS A LIST OF ALL INPUT CARDS FOR THIS CASE.
0
 DIM FT                                                                          
 DERIV DEG                                                                       
 DAMP                                                                            
 PART                                                                            
  $FLTCON WT=7000.0, LOOP=2.0,                                                   
          NMACH=1.0, MACH(1)=0.4,                                                
          NALT=1.0, ALT(1)=0.0,                                                  
          NALPHA=20.0,                                                           
          ALSCHD(1)= -16.0, -8.0, -6.0, -4.0, -2.0, 0.0, 2.0, 4.0, 8.0, 9.0,     
              10.0, 12.0, 14.0, 16.0, 18.0, 19.0, 20.0, 21.0, 22.0, 24.0,        
          STMACH=0.6, TSMACH=1.4, TR=1.0$                                        
  $OPTINS SREF=320.8, CBARR=6.75, BLREF=51.7, ROUGFC=0.25E-3$                    
  $SYNTHS XCG=21.9, ZCG=3.125,                                                   
          XW=19.1,  ZW=3.125,  ALIW=2.5,                                         
          XH=39.2,  ZH=7.75,   ALIH=0.0,                                         
          XV=36.0,  ZV=6.0,                                                      
          XVF=28.0, ZVF=7.4,                                                     
          SCALE=1.0, VERTUP=.TRUE.$                                              
  $BODY NX=8.0,                                                                  
        X(1)=0.0,1.0,2.7,6.0,8.8,28.5,39.4,44.8,                                 
        R(1)=0.0,1.25,2.1,2.7,2.76,2.7,1.25,0.0,                                 
        ZU(1)=3.5,4.3,4.8,5.5,7.4,7.4,6.5,5.7,                                   
        ZL(1)=3.5,2.5,2.25,2.1,2.0,2.2,4.3,5.7,                                  
        BNOSE=1.0, BLN=8.8,                                                      
        BTAIL=1.0, BLA=19.7,                                                     
        ITYPE=1.0, METHOD=1.0$                                                   
  $WGPLNF CHRDR=9.4,   CHRDTP=3.01,                                              
          SSPN=25.85,  SSPNE=23.46,                                              
          SAVSI=1.3,                                                             
          CHSTAT=0.25, TWISTA=-3.0,                                              
          DHDADI=3.6,                                                            
          TYPE=1.0$                                                              
 NACA W 5 23014                                                                  
 NACA H 4 0010                                                                   
 NACA V 4 0012                                                                   
 NACA F 4 0012                                                                   
  $HTPLNF CHRDR=4.99, CHRDTP=2.48,                                               
          SSPN=9.42, SSPNE=9.21,                                                 
          SAVSI=5.32,                                                            
          CHSTAT=0.25, TWISTA=0.0,                                               
          DHDADI=9.2,                                                            
          TYPE=1.0$                                                              
  $VTPLNF CHRDTP=3.63, SSPNE=8.85,  SSPN=9.42, CHRDR=8.3,                        
          SAVSI=32.3,  CHSTAT=0.25, TYPE=1.0$                                    
  $VFPLNF CHRDR=11.8, CHRDTP=0.0, CHSTAT=0.0, DHDADO=0.0,                        
          SAVSI=80.0, SSPN=2.3,  SSPNE=2.1, TYPE=1.0$                            
  $JETPWR NENGSJ=2.0,  AIETLJ=2.0,    THSTCJ=0.0,                                
          JIALOC=25.8, JELLOC=4.33,   JEVLOC=5.625,                              
          JEALOC=33.3, JINLTA=2.243,                                             
          AMBTMP=59.7, AMBSTP=2116.8, JERAD=0.755$                               
 CASEID TOTAL: TOTAL: Citation II Model 550 Aircraft (Simple)                    
0 INPUT DIMENSIONS ARE IN FT, SCALE FACTOR IS 1.0000

1                             AUTOMATED STABILITY AND CONTROL METHODS PER APRIL 1976 VERSION OF DATCOM   
                                                        WING SECTION DEFINITION
                                                                NACA 23014
     UPPER ABSCISSA     UPPER ORDINATE     LOWER ABSCISSA     LOWER ORDINATE      X-FRACTION CHORD    MEAN LINE    THICKNESS
          .00000             .00000            .00000            .00000               .00000            .00000        .00000
         -.00102             .00649            .00302           -.00583               .00100            .00033        .01297
         -.00081             .00933            .00481           -.00802               .00200            .00066        .01823
         -.00040             .01156            .00640           -.00961               .00300            .00098        .02223
          .00013             .01349            .00787           -.01089               .00400            .00130        .02558
          .00073             .01521            .00927           -.01198               .00500            .00161        .02850
          .00138             .01679            .01062           -.01293               .00600            .00193        .03112
          .00207             .01826            .01193           -.01378               .00700            .00224        .03352
          .00280             .01964            .01320           -.01455               .00800            .00254        .03574
          .00356             .02095            .01444           -.01526               .00900            .00284        .03781
          .00433             .02220            .01567           -.01591               .01000            .00314        .03975
          .01295             .03257            .02705           -.02066               .02000            .00595        .05506
          .02245             .04071            .03755           -.02382               .03000            .00845        .06627
          .03243             .04753            .04757           -.02625               .04000            .01064        .07531
          .04274             .05339            .05726           -.02828               .05000            .01255        .08294
          .05326             .05846            .06674           -.03006               .06000            .01420        .08954
          .06393             .06289            .07607           -.03168               .07000            .01560        .09535
          .07469             .06675            .08531           -.03319               .08000            .01678        .10050
          .08550             .07010            .09450           -.03463               .09000            .01773        .10512
          .09633             .07301            .10367           -.03601               .10000            .01850        .10926
          .10716             .07552            .11284           -.03735               .11000            .01909        .11301
          .11796             .07767            .12204           -.03865               .12000            .01951        .11639
          .12870             .07951            .13130           -.03992               .13000            .01979        .11945
          .13939             .08106            .14061           -.04116               .14000            .01995        .12222
          .15000             .08236            .15000           -.04236               .15000            .02000        .12472
          .16052             .08344            .15948           -.04353               .16000            .01996        .12698
          .17095             .08434            .16905           -.04465               .17000            .01984        .12900
          .18128             .08507            .17872           -.04573               .18000            .01967        .13082
          .19150             .08566            .18850           -.04675               .19000            .01945        .13244
          .20160             .08614            .19840           -.04770               .20000            .01922        .13388
          .21162             .08653            .20838           -.04857               .21000            .01898        .13514
          .22164             .08684            .21836           -.04936               .22000            .01874        .13623
          .23165             .08707            .22835           -.05007               .23000            .01850        .13718
          .24166             .08723            .23834           -.05071               .24000            .01826        .13797
          .25166             .08731            .24834           -.05128               .25000            .01802        .13863
          .26167             .08734            .25833           -.05178               .26000            .01778        .13915
          .27168             .08729            .26832           -.05222               .27000            .01754        .13955
          .28168             .08719            .27832           -.05259               .28000            .01730        .13983
          .29168             .08703            .28832           -.05292               .29000            .01706        .13999
          .30168             .08682            .29832           -.05318               .30000            .01682        .14004
          .35167             .08500            .34833           -.05376               .35000            .01562        .13880
          .40163             .08210            .39837           -.05327               .40000            .01442        .13540
          .45156             .07830            .44844           -.05188               .45000            .01321        .13022
          .50148             .07376            .49852           -.04973               .50000            .01201        .12353
          .55139             .06857            .54861           -.04695               .55000            .01081        .11556
          .60128             .06283            .59872           -.04361               .60000            .00961        .10648
          .65116             .05661            .64884           -.03979               .65000            .00841        .09642
          .70103             .04994            .69897           -.03553               .70000            .00721        .08549
          .75089             .04287            .74911           -.03085               .75000            .00601        .07374
          .80074             .03540            .79927           -.02579               .80000            .00481        .06121
          .82067             .03230            .81933           -.02365               .82000            .00432        .05597
          .84061             .02915            .83939           -.02146               .84000            .00384        .05062
          .86054             .02592            .85946           -.01920               .86000            .00336        .04514
          .88047             .02264            .87953           -.01687               .88000            .00288        .03952
          .90041             .01929            .89959           -.01448               .90000            .00240        .03378
          .92034             .01587            .91966           -.01202               .92000            .00192        .02790
          .94026             .01238            .93974           -.00950               .94000            .00144        .02188
          .96019             .00882            .95981           -.00690               .96000            .00096        .01572
          .98011             .00518            .97989           -.00422               .98000            .00048        .00941
         1.00000             .00000           1.00000            .00000              1.00000            .00000        .00000
1                             AUTOMATED STABILITY AND CONTROL METHODS PER APRIL 1976 VERSION OF DATCOM   
                                                        WING SECTION DEFINITION
0                                 IDEAL ANGLE OF ATTACK =   1.78973 DEG.

                              ZERO LIFT ANGLE OF ATTACK =  -1.07986 DEG.

                                 IDEAL LIFT COEFFICIENT =    .32672

                  ZERO LIFT PITCHING MOMENT COEFFICIENT =   -.01182

                             MACH ZERO LIFT-CURVE-SLOPE =    .09490 /DEG.

                                    LEADING EDGE RADIUS =    .02160 FRACTION CHORD

                              MAXIMUM AIRFOIL THICKNESS =    .14000 FRACTION CHORD

                                                DELTA-Y =   3.69714 PERCENT CHORD


0                         MACH=  .4000 LIFT-CURVE-SLOPE =    .10164 /DEG.      XAC =    .25991
1                             AUTOMATED STABILITY AND CONTROL METHODS PER APRIL 1976 VERSION OF DATCOM   
                                                   HORIZONTAL TAIL SECTION DEFINITION
                                                                NACA 0010
     UPPER ABSCISSA     UPPER ORDINATE     LOWER ABSCISSA     LOWER ORDINATE      X-FRACTION CHORD    MEAN LINE    THICKNESS
          .00000             .00000            .00000            .00000               .00000            .00000        .00000
          .00100             .00463            .00100           -.00463               .00100            .00000        .00926
          .00200             .00651            .00200           -.00651               .00200            .00000        .01302
          .00300             .00794            .00300           -.00794               .00300            .00000        .01588
          .00400             .00913            .00400           -.00913               .00400            .00000        .01827
          .00500             .01018            .00500           -.01018               .00500            .00000        .02036
          .00600             .01111            .00600           -.01111               .00600            .00000        .02223
          .00700             .01197            .00700           -.01197               .00700            .00000        .02394
          .00800             .01276            .00800           -.01276               .00800            .00000        .02553
          .00900             .01350            .00900           -.01350               .00900            .00000        .02700
          .01000             .01420            .01000           -.01420               .01000            .00000        .02840
          .02000             .01966            .02000           -.01966               .02000            .00000        .03933
          .03000             .02367            .03000           -.02367               .03000            .00000        .04734
          .04000             .02690            .04000           -.02690               .04000            .00000        .05380
          .05000             .02962            .05000           -.02962               .05000            .00000        .05924
          .06000             .03198            .06000           -.03198               .06000            .00000        .06396
          .07000             .03405            .07000           -.03405               .07000            .00000        .06810
          .08000             .03589            .08000           -.03589               .08000            .00000        .07179
          .09000             .03754            .09000           -.03754               .09000            .00000        .07508
          .10000             .03902            .10000           -.03902               .10000            .00000        .07805
          .11000             .04036            .11000           -.04036               .11000            .00000        .08072
          .12000             .04157            .12000           -.04157               .12000            .00000        .08314
          .13000             .04266            .13000           -.04266               .13000            .00000        .08532
          .14000             .04365            .14000           -.04365               .14000            .00000        .08730
          .15000             .04454            .15000           -.04454               .15000            .00000        .08909
          .16000             .04535            .16000           -.04535               .16000            .00000        .09070
          .17000             .04607            .17000           -.04607               .17000            .00000        .09215
          .18000             .04672            .18000           -.04672               .18000            .00000        .09344
          .19000             .04730            .19000           -.04730               .19000            .00000        .09460
          .20000             .04781            .20000           -.04781               .20000            .00000        .09563
          .21000             .04826            .21000           -.04826               .21000            .00000        .09653
          .22000             .04866            .22000           -.04866               .22000            .00000        .09731
          .23000             .04899            .23000           -.04899               .23000            .00000        .09798
          .24000             .04928            .24000           -.04928               .24000            .00000        .09855
          .25000             .04951            .25000           -.04951               .25000            .00000        .09902
          .26000             .04970            .26000           -.04970               .26000            .00000        .09939
          .27000             .04984            .27000           -.04984               .27000            .00000        .09968
          .28000             .04994            .28000           -.04994               .28000            .00000        .09988
          .29000             .05000            .29000           -.05000               .29000            .00000        .09999
          .30000             .05001            .30000           -.05001               .30000            .00000        .10003
          .35000             .04957            .35000           -.04957               .35000            .00000        .09914
          .40000             .04836            .40000           -.04836               .40000            .00000        .09672
          .45000             .04651            .45000           -.04651               .45000            .00000        .09301
          .50000             .04412            .50000           -.04412               .50000            .00000        .08823
          .55000             .04127            .55000           -.04127               .55000            .00000        .08254
          .60000             .03803            .60000           -.03803               .60000            .00000        .07606
          .65000             .03444            .65000           -.03444               .65000            .00000        .06887
          .70000             .03053            .70000           -.03053               .70000            .00000        .06107
          .75000             .02634            .75000           -.02634               .75000            .00000        .05267
          .80000             .02186            .80000           -.02186               .80000            .00000        .04372
          .82000             .01999            .82000           -.01999               .82000            .00000        .03998
          .84000             .01808            .84000           -.01808               .84000            .00000        .03616
          .86000             .01612            .86000           -.01612               .86000            .00000        .03224
          .88000             .01412            .88000           -.01412               .88000            .00000        .02823
          .90000             .01206            .90000           -.01206               .90000            .00000        .02413
          .92000             .00996            .92000           -.00996               .92000            .00000        .01993
          .94000             .00782            .94000           -.00782               .94000            .00000        .01563
          .96000             .00561            .96000           -.00561               .96000            .00000        .01123
          .98000             .00336            .98000           -.00336               .98000            .00000        .00672
         1.00000             .00000           1.00000            .00000              1.00000            .00000        .00000
1                             AUTOMATED STABILITY AND CONTROL METHODS PER APRIL 1976 VERSION OF DATCOM   
                                                   HORIZONTAL TAIL SECTION DEFINITION
0                                 IDEAL ANGLE OF ATTACK =    .00000 DEG.

                              ZERO LIFT ANGLE OF ATTACK =    .00000 DEG.

                                 IDEAL LIFT COEFFICIENT =    .00000

                  ZERO LIFT PITCHING MOMENT COEFFICIENT =    .00000

                             MACH ZERO LIFT-CURVE-SLOPE =    .09755 /DEG.

                                    LEADING EDGE RADIUS =    .01102 FRACTION CHORD

                              MAXIMUM AIRFOIL THICKNESS =    .10000 FRACTION CHORD

                                                DELTA-Y =   2.64081 PERCENT CHORD


0                         MACH=  .4000 LIFT-CURVE-SLOPE =    .10528 /DEG.      XAC =    .25838
1                             AUTOMATED STABILITY AND CONTROL METHODS PER APRIL 1976 VERSION OF DATCOM   
                                                    VERTICAL TAIL SECTION DEFINITION
                                                                NACA 0012
     UPPER ABSCISSA     UPPER ORDINATE     LOWER ABSCISSA     LOWER ORDINATE      X-FRACTION CHORD    MEAN LINE    THICKNESS
          .00000             .00000            .00000            .00000               .00000            .00000        .00000
          .00100             .00556            .00100           -.00556               .00100            .00000        .01111
          .00200             .00781            .00200           -.00781               .00200            .00000        .01563
          .00300             .00953            .00300           -.00953               .00300            .00000        .01906
          .00400             .01096            .00400           -.01096               .00400            .00000        .02192
          .00500             .01221            .00500           -.01221               .00500            .00000        .02443
          .00600             .01334            .00600           -.01334               .00600            .00000        .02668
          .00700             .01436            .00700           -.01436               .00700            .00000        .02873
          .00800             .01532            .00800           -.01532               .00800            .00000        .03063
          .00900             .01620            .00900           -.01620               .00900            .00000        .03240
          .01000             .01704            .01000           -.01704               .01000            .00000        .03407
          .02000             .02360            .02000           -.02360               .02000            .00000        .04720
          .03000             .02840            .03000           -.02840               .03000            .00000        .05680
          .04000             .03228            .04000           -.03228               .04000            .00000        .06455
          .05000             .03555            .05000           -.03555               .05000            .00000        .07109
          .06000             .03838            .06000           -.03838               .06000            .00000        .07675
          .07000             .04086            .07000           -.04086               .07000            .00000        .08173
          .08000             .04307            .08000           -.04307               .08000            .00000        .08614
          .09000             .04505            .09000           -.04505               .09000            .00000        .09010
          .10000             .04683            .10000           -.04683               .10000            .00000        .09366
          .11000             .04843            .11000           -.04843               .11000            .00000        .09686
          .12000             .04988            .12000           -.04988               .12000            .00000        .09976
          .13000             .05119            .13000           -.05119               .13000            .00000        .10239
          .14000             .05238            .14000           -.05238               .14000            .00000        .10476
          .15000             .05345            .15000           -.05345               .15000            .00000        .10690
          .16000             .05442            .16000           -.05442               .16000            .00000        .10884
          .17000             .05529            .17000           -.05529               .17000            .00000        .11057
          .18000             .05607            .18000           -.05607               .18000            .00000        .11213
          .19000             .05676            .19000           -.05676               .19000            .00000        .11352
          .20000             .05738            .20000           -.05738               .20000            .00000        .11475
          .21000             .05792            .21000           -.05792               .21000            .00000        .11583
          .22000             .05839            .22000           -.05839               .22000            .00000        .11677
          .23000             .05879            .23000           -.05879               .23000            .00000        .11758
          .24000             .05913            .24000           -.05913               .24000            .00000        .11826
          .25000             .05941            .25000           -.05941               .25000            .00000        .11882
          .26000             .05964            .26000           -.05964               .26000            .00000        .11927
          .27000             .05981            .27000           -.05981               .27000            .00000        .11961
          .28000             .05993            .28000           -.05993               .28000            .00000        .11985
          .29000             .06000            .29000           -.06000               .29000            .00000        .11999
          .30000             .06002            .30000           -.06002               .30000            .00000        .12003
          .35000             .05949            .35000           -.05949               .35000            .00000        .11897
          .40000             .05803            .40000           -.05803               .40000            .00000        .11606
          .45000             .05581            .45000           -.05581               .45000            .00000        .11161
          .50000             .05294            .50000           -.05294               .50000            .00000        .10588
          .55000             .04952            .55000           -.04952               .55000            .00000        .09905
          .60000             .04563            .60000           -.04563               .60000            .00000        .09127
          .65000             .04132            .65000           -.04132               .65000            .00000        .08265
          .70000             .03664            .70000           -.03664               .70000            .00000        .07328
          .75000             .03160            .75000           -.03160               .75000            .00000        .06321
          .80000             .02623            .80000           -.02623               .80000            .00000        .05246
          .82000             .02399            .82000           -.02399               .82000            .00000        .04798
          .84000             .02169            .84000           -.02169               .84000            .00000        .04339
          .86000             .01934            .86000           -.01934               .86000            .00000        .03869
          .88000             .01694            .88000           -.01694               .88000            .00000        .03388
          .90000             .01448            .90000           -.01448               .90000            .00000        .02895
          .92000             .01196            .92000           -.01196               .92000            .00000        .02392
          .94000             .00938            .94000           -.00938               .94000            .00000        .01876
          .96000             .00674            .96000           -.00674               .96000            .00000        .01347
          .98000             .00403            .98000           -.00403               .98000            .00000        .00806
         1.00000             .00000           1.00000            .00000              1.00000            .00000        .00000
1                             AUTOMATED STABILITY AND CONTROL METHODS PER APRIL 1976 VERSION OF DATCOM   
                                                    VERTICAL TAIL SECTION DEFINITION
0                                 IDEAL ANGLE OF ATTACK =    .00000 DEG.

                              ZERO LIFT ANGLE OF ATTACK =    .00000 DEG.

                                 IDEAL LIFT COEFFICIENT =    .00000

                  ZERO LIFT PITCHING MOMENT COEFFICIENT =    .00000

                             MACH ZERO LIFT-CURVE-SLOPE =    .09596 /DEG.

                                    LEADING EDGE RADIUS =    .01587 FRACTION CHORD

                              MAXIMUM AIRFOIL THICKNESS =    .12000 FRACTION CHORD

                                                DELTA-Y =   3.16898 PERCENT CHORD


0                         MACH=  .4000 LIFT-CURVE-SLOPE =    .10334 /DEG.      XAC =    .25990
1                             AUTOMATED STABILITY AND CONTROL METHODS PER APRIL 1976 VERSION OF DATCOM   
                                                     VENTRAL FIN SECTION DEFINITION
                                                                NACA 0012
     UPPER ABSCISSA     UPPER ORDINATE     LOWER ABSCISSA     LOWER ORDINATE      X-FRACTION CHORD    MEAN LINE    THICKNESS
          .00000             .00000            .00000            .00000               .00000            .00000        .00000
          .00100             .00556            .00100           -.00556               .00100            .00000        .01111
          .00200             .00781            .00200           -.00781               .00200            .00000        .01563
          .00300             .00953            .00300           -.00953               .00300            .00000        .01906
          .00400             .01096            .00400           -.01096               .00400            .00000        .02192
          .00500             .01221            .00500           -.01221               .00500            .00000        .02443
          .00600             .01334            .00600           -.01334               .00600            .00000        .02668
          .00700             .01436            .00700           -.01436               .00700            .00000        .02873
          .00800             .01532            .00800           -.01532               .00800            .00000        .03063
          .00900             .01620            .00900           -.01620               .00900            .00000        .03240
          .01000             .01704            .01000           -.01704               .01000            .00000        .03407
          .02000             .02360            .02000           -.02360               .02000            .00000        .04720
          .03000             .02840            .03000           -.02840               .03000            .00000        .05680
          .04000             .03228            .04000           -.03228               .04000            .00000        .06455
          .05000             .03555            .05000           -.03555               .05000            .00000        .07109
          .06000             .03838            .06000           -.03838               .06000            .00000        .07675
          .07000             .04086            .07000           -.04086               .07000            .00000        .08173
          .08000             .04307            .08000           -.04307               .08000            .00000        .08614
          .09000             .04505            .09000           -.04505               .09000            .00000        .09010
          .10000             .04683            .10000           -.04683               .10000            .00000        .09366
          .11000             .04843            .11000           -.04843               .11000            .00000        .09686
          .12000             .04988            .12000           -.04988               .12000            .00000        .09976
          .13000             .05119            .13000           -.05119               .13000            .00000        .10239
          .14000             .05238            .14000           -.05238               .14000            .00000        .10476
          .15000             .05345            .15000           -.05345               .15000            .00000        .10690
          .16000             .05442            .16000           -.05442               .16000            .00000        .10884
          .17000             .05529            .17000           -.05529               .17000            .00000        .11057
          .18000             .05607            .18000           -.05607               .18000            .00000        .11213
          .19000             .05676            .19000           -.05676               .19000            .00000        .11352
          .20000             .05738            .20000           -.05738               .20000            .00000        .11475
          .21000             .05792            .21000           -.05792               .21000            .00000        .11583
          .22000             .05839            .22000           -.05839               .22000            .00000        .11677
          .23000             .05879            .23000           -.05879               .23000            .00000        .11758
          .24000             .05913            .24000           -.05913               .24000            .00000        .11826
          .25000             .05941            .25000           -.05941               .25000            .00000        .11882
          .26000             .05964            .26000           -.05964               .26000            .00000        .11927
          .27000             .05981            .27000           -.05981               .27000            .00000        .11961
          .28000             .05993            .28000           -.05993               .28000            .00000        .11985
          .29000             .06000            .29000           -.06000               .29000            .00000        .11999
          .30000             .06002            .30000           -.06002               .30000            .00000        .12003
          .35000             .05949            .35000           -.05949               .35000            .00000        .11897
          .40000             .05803            .40000           -.05803               .40000            .00000        .11606
          .45000             .05581            .45000           -.05581               .45000            .00000        .11161
          .50000             .05294            .50000           -.05294               .50000            .00000        .10588
          .55000             .04952            .55000           -.04952               .55000            .00000        .09905
          .60000             .04563            .60000           -.04563               .60000            .00000        .09127
          .65000             .04132            .65000           -.04132               .65000            .00000        .08265
          .70000             .03664            .70000           -.03664               .70000            .00000        .07328
          .75000             .03160            .75000           -.03160               .75000            .00000        .06321
          .80000             .02623            .80000           -.02623               .80000            .00000        .05246
          .82000             .02399            .82000           -.02399               .82000            .00000        .04798
          .84000             .02169            .84000           -.02169               .84000            .00000        .04339
          .86000             .01934            .86000           -.01934               .86000            .00000        .03869
          .88000             .01694            .88000           -.01694               .88000            .00000        .03388
          .90000             .01448            .90000           -.01448               .90000            .00000        .02895
          .92000             .01196            .92000           -.01196               .92000            .00000        .02392
          .94000             .00938            .94000           -.00938               .94000            .00000        .01876
          .96000             .00674            .96000           -.00674               .96000            .00000        .01347
          .98000             .00403            .98000           -.00403               .98000            .00000        .00806
         1.00000             .00000           1.00000            .00000              1.00000            .00000        .00000
1                             AUTOMATED STABILITY AND CONTROL METHODS PER APRIL 1976 VERSION OF DATCOM   
                                                     VENTRAL FIN SECTION DEFINITION
0                                 IDEAL ANGLE OF ATTACK =    .00000 DEG.

                              ZERO LIFT ANGLE OF ATTACK =    .00000 DEG.

                                 IDEAL LIFT COEFFICIENT =    .00000

                  ZERO LIFT PITCHING MOMENT COEFFICIENT =    .00000

                             MACH ZERO LIFT-CURVE-SLOPE =    .09596 /DEG.

                                    LEADING EDGE RADIUS =    .01587 FRACTION CHORD

                              MAXIMUM AIRFOIL THICKNESS =    .12000 FRACTION CHORD

                                                DELTA-Y =   3.16898 PERCENT CHORD


0                         MACH=  .4000 LIFT-CURVE-SLOPE =    .10334 /DEG.      XAC =    .25990
 WARNING*** BODY ALONE DYNAMIC DERIVATIVE METHOD VALID FOR NOSE CYLINDER ONLY
            TAIL EFFECTS IGNORED]
1                               AUTOMATED STABILITY AND CONTROL METHODS PER APRIL 1976 VERSION OF DATCOM
                                         CHARACTERISTICS AT ANGLE OF ATTACK AND IN SIDESLIP
                                  WING-BODY-HORIZONTAL TAIL-VERTICAL TAIL-VENTRAL FIN CONFIGURATION
                                  JET POWER EFFECTS INCLUDED IN THE LONGITUDINAL STABILITY RESULTS
                                       TOTAL: TOTAL: Citation II Model 550 Aircraft (Simple)
 
 -----------------------  FLIGHT CONDITIONS  ------------------------           --------------  REFERENCE DIMENSIONS  ------------
  MACH    ALTITUDE   VELOCITY    PRESSURE    TEMPERATURE     REYNOLDS             REF.      REFERENCE LENGTH   MOMENT REF. CENTER
 NUMBER                                                       NUMBER              AREA       LONG.     LAT.     HORIZ      VERT
             FT       FT/SEC     LB/FT**2       DEG R         1/FT               FT**2        FT        FT        FT        FT
0  .400        .00     446.53   2.1162E+03     518.670     2.8273E+06           320.800      6.750    51.700    21.900     3.125
0                                                               -------------------DERIVATIVE (PER DEGREE)-------------------
0 ALPHA     CD       CL       CM       CN       CA       XCP        CLA          CMA          CYB          CNB          CLB
0
  -16.0     .097   -1.311     .3526  -1.287    -.268    -.274    7.585E-02   -2.429E-02   -1.233E-02    9.162E-04   -3.136E-03
   -8.0     .034    -.637     .2316   -.636    -.055    -.364    9.513E-02   -1.831E-02                             -2.772E-03
   -6.0     .024    -.435     .1896   -.435    -.022    -.436    9.810E-02   -1.871E-02                             -2.677E-03
   -4.0     .018    -.231     .1485   -.231     .002    -.642    9.719E-02   -1.810E-02                             -2.581E-03
   -2.0     .015    -.030     .1077   -.030     .014   -3.541    9.610E-02   -1.728E-02                             -2.483E-03
     .0     .016     .171     .0696    .171     .016     .408    9.674E-02   -1.630E-02                             -2.384E-03
    2.0     .021     .373     .0334    .373     .008     .089    9.811E-02   -1.564E-02                             -2.284E-03
    4.0     .029     .576    -.0006    .577    -.011    -.001    9.888E-02   -1.528E-02                             -2.182E-03
    8.0     .058     .977    -.0643    .976    -.079    -.066    9.058E-02   -1.713E-02                             -1.978E-03
    9.0     .067    1.066    -.0817   1.063    -.101    -.077    8.383E-02   -1.775E-02                             -1.929E-03
   10.0     .076    1.144    -.0990   1.140    -.124    -.087    7.565E-02   -1.934E-02                             -1.881E-03
   12.0     .095    1.277    -.1413   1.269    -.172    -.111    6.146E-02   -2.512E-02                             -1.788E-03
   14.0     .115    1.380    -.0097   1.367    -.222    -.007    1.832E-02      NA                                  -1.699E-03
   16.0     .123    1.337    -.0053   1.319    -.250    -.004   -3.630E-02      NA                                  -1.639E-03
   18.0     .131    1.219    -.0005   1.199    -.252     .000   -5.232E-02      NA                                  -1.586E-03
   19.0     .137    1.163     .0020   1.145    -.249     .002   -4.105E-02      NA                                  -1.552E-03
   20.0     .146    1.128     .0044   1.110    -.248     .004   -2.583E-02      NA                                  -1.518E-03
   21.0     .157    1.103     .0067   1.086    -.249     .006   -2.161E-02      NA                                  -1.480E-03
   22.0     .168    1.077     .0089   1.061    -.248     .008   -2.018E-02      NA                                  -1.443E-03
   24.0     .189    1.040     .0125   1.027    -.250     .012   -1.042E-02      NA                                  -1.361E-03
0                                    ALPHA     Q/QINF    EPSLON  D(EPSLON)/D(ALPHA)
0
                                    -16.0      1.000     -5.186         .344
                                     -8.0      1.000     -2.431         .407
                                     -6.0      1.000     -1.586         .428
                                     -4.0      1.000      -.720         .436
                                     -2.0      1.000       .158         .445
                                       .0      1.000      1.059         .459
                                      2.0      1.000      1.994         .474
                                      4.0      1.000      2.957         .483
                                      8.0      1.000      4.903         .455
                                      9.0      1.000      5.350         .437
                                     10.0      1.000      5.777         .396
                                     12.0      1.000      6.446         .272
                                     14.0      1.000      6.866         .088
                                     16.0      1.000      6.799        -.075
                                     18.0      1.000      6.568        -.172
                                     19.0      1.000      6.368        -.116
                                     20.0      1.000      6.336         .057
                                     21.0      1.000      6.483         .031
                                     22.0      1.000      6.398        -.038
                                     24.0       .919      6.509         .056
0*** NA PRINTED WHEN METHOD NOT APPLICABLE
1                               AUTOMATED STABILITY AND CONTROL METHODS PER APRIL 1976 VERSION OF DATCOM
                                                         DYNAMIC DERIVATIVES
                                  WING-BODY-HORIZONTAL TAIL-VERTICAL TAIL-VENTRAL FIN CONFIGURATION
                                       TOTAL: TOTAL: Citation II Model 550 Aircraft (Simple)
 
 -----------------------  FLIGHT CONDITIONS  ------------------------           --------------  REFERENCE DIMENSIONS  ------------
  MACH    ALTITUDE   VELOCITY    PRESSURE    TEMPERATURE     REYNOLDS             REF.      REFERENCE LENGTH   MOMENT REF. CENTER
 NUMBER                                                       NUMBER              AREA       LONG.     LAT.     HORIZ      VERT
             FT       FT/SEC     LB/FT**2       DEG R         1/FT               FT**2        FT        FT        FT        FT
0  .400        .00     446.53   2.1162E+03     518.670     2.8273E+06           320.800      6.750    51.700    21.900     3.125
                                                    DYNAMIC DERIVATIVES (PER DEGREE)
0           -------PITCHING-------    -----ACCELERATION------    --------------ROLLING--------------    --------YAWING--------
0   ALPHA       CLQ          CMQ           CLAD         CMAD         CLP          CYP          CNP          CNR          CLR
0
   -16.00    1.275E-01   -2.629E-01     3.114E-02   -8.757E-02   -6.164E-03   -5.944E-04    1.756E-03   -1.918E-03   -3.181E-03
    -8.00                               3.679E-02   -1.035E-01   -8.207E-03   -1.144E-03    7.937E-04   -1.865E-03   -1.197E-03
    -6.00                               3.868E-02   -1.088E-01   -8.390E-03   -1.323E-03    5.200E-04   -1.861E-03   -6.095E-04
    -4.00                               3.942E-02   -1.108E-01   -8.209E-03   -1.490E-03    2.579E-04   -1.865E-03   -3.546E-05
    -2.00                               4.023E-02   -1.131E-01   -8.133E-03   -1.648E-03   -3.248E-06   -1.877E-03    5.210E-04
      .00                               4.151E-02   -1.167E-01   -8.248E-03   -1.806E-03   -2.680E-04   -1.895E-03    1.080E-03
     2.00                               4.290E-02   -1.206E-01   -8.388E-03   -1.969E-03   -5.377E-04   -1.921E-03    1.649E-03
     4.00                               4.370E-02   -1.229E-01   -8.343E-03   -2.135E-03   -8.162E-04   -1.955E-03    2.223E-03
     8.00                               4.112E-02   -1.156E-01   -6.756E-03   -2.467E-03   -1.427E-03   -2.041E-03    3.317E-03
     9.00                               3.953E-02   -1.111E-01   -6.048E-03   -2.524E-03   -1.574E-03   -2.061E-03    3.524E-03
    10.00                               3.585E-02   -1.008E-01   -5.266E-03   -2.573E-03   -1.721E-03   -2.079E-03    3.703E-03
    12.00                               2.462E-02   -6.924E-02   -3.544E-03   -2.633E-03   -1.990E-03   -2.106E-03    3.965E-03
    14.00                               7.982E-03   -2.245E-02    1.423E-03   -2.793E-03   -2.332E-03   -2.119E-03    4.094E-03
    16.00                              -6.738E-03    1.895E-02    6.893E-03    1.317E-02   -7.048E-03   -2.065E-03    3.610E-03
    18.00                              -1.553E-02    4.367E-02    7.468E-03   -1.224E-03   -2.381E-03   -1.996E-03    2.922E-03
    19.00                              -1.050E-02    2.952E-02    5.777E-03   -9.774E-04   -2.210E-03   -1.968E-03    2.626E-03
    20.00                               5.190E-03   -1.459E-02    4.163E-03   -7.435E-05   -2.294E-03   -1.948E-03    2.423E-03
    21.00                               2.811E-03   -7.906E-03    4.087E-03   -6.770E-04   -2.022E-03   -1.930E-03    2.245E-03
    22.00                              -3.446E-03    9.691E-03    3.429E-03   -2.652E-04   -2.051E-03   -1.910E-03    2.047E-03
    24.00                               4.615E-03   -1.298E-02   -2.051E-04   -9.024E-04   -1.792E-03   -1.882E-03    1.853E-03
0*** VEHICLE WEIGHT =   7000.00 LB.
0*** LEVEL FLIGHT LIFT COEFFICIENT =  .09206
1                             AUTOMATED STABILITY AND CONTROL METHODS PER APRIL 1976 VERSION OF DATCOM
                                             CONFIGURATION AUXILIARY AND PARTIAL OUTPUT
                                        WING-BODY-VERTICAL TAIL-HORIZONTAL TAIL CONFIGURATION
                                       TOTAL: TOTAL: Citation II Model 550 Aircraft (Simple)
 -----------------------  FLIGHT CONDITIONS  ------------------------           --------------  REFERENCE DIMENSIONS  ------------
  MACH    ALTITUDE   VELOCITY    PRESSURE    TEMPERATURE     REYNOLDS             REF.      REFERENCE LENGTH   MOMENT REF. CENTER
 NUMBER                                                       NUMBER              AREA       LONG.     LAT.     HORIZ      VERT
             FT       FT/SEC     LB/FT**2       DEG R         1/FT               FT**2        FT        FT        FT        FT
0  .400        .00     446.53   2.1162E+03     518.670     2.8273E+06           320.800      6.750    51.700    21.900     3.125


                                                       BASIC BODY PROPERTIES

            WETTED AREA      XCG     ZCG     BASE AREA     ZERO LIFT DRAG   BASE DRAG   FRICTION DRAG   PRESSURE DRAG
              .6088E+03    21.90    3.12       7.1794         .5768E-02     .1483E-02     .4285E-02         NA  


                                         XCG RELATIVE TO THEORETICAL LEADING EDGE MAC=   1.90


                                                       BASIC PLANFORM PROPERTIES

                                    TAPER     ASPECT   QUARTER CHORD             QUARTER CHORD              ZERO LIFT    FRICTION
                         AREA       RATIO      RATIO       SWEEP        MAC        X(MAC)       Y(MAC)        DRAG     COEFFICIENT
0      WING
   TOTAL THEORITICAL
+                      .3208E+03     .320     .8332E+01     1.300     .675E+01     .217E+02     .107E+02                       
       TOTAL EXPOSED
+                      .2773E+03     .342     .7940E+01     1.300     .638E+01     .217E+02     .122E+02     .617E-02     .268E-02
0  HORIZONTAL TAIL
   TOTAL THEORITICAL
+                      .7037E+02     .497     .5044E+01     5.320     .388E+01     .408E+02     .418E+01                       
       TOTAL EXPOSED
+                      .6828E+02     .503     .4969E+01     5.320     .384E+01     .408E+02     .431E+01     .154E-02     .290E-02
0   VERTICAL TAIL
   TOTAL THEORITICAL
+                      .5619E+02     .437     .1579E+01    32.300     .627E+01     .407E+02     .101E+02                       
       TOTAL EXPOSED
+                      .5154E+02     .453     .1520E+01    32.300     .610E+01     .409E+02     .444E+01     .110E-02     .270E-02
0    VENTRAL FIN
   TOTAL THEORITICAL
+                      .1357E+02     .000     .3898E+00   -33.041     .787E+01     .305E+02     .817E+01                       
       TOTAL EXPOSED
+                      .1131E+02     .000     .3898E+00   -33.041     .718E+01     .304E+02     .900E+00     .222E-03     .263E-02
0*** NA PRINTED WHEN METHOD NOT APPLICABLE
1                             AUTOMATED STABILITY AND CONTROL METHODS PER APRIL 1976 VERSION OF DATCOM
                                             CONFIGURATION AUXILIARY AND PARTIAL OUTPUT
                                        WING-BODY-VERTICAL TAIL-HORIZONTAL TAIL CONFIGURATION
                                       TOTAL: TOTAL: Citation II Model 550 Aircraft (Simple)
 -----------------------  FLIGHT CONDITIONS  ------------------------           --------------  REFERENCE DIMENSIONS  ------------
  MACH    ALTITUDE   VELOCITY    PRESSURE    TEMPERATURE     REYNOLDS             REF.      REFERENCE LENGTH   MOMENT REF. CENTER
 NUMBER                                                       NUMBER              AREA       LONG.     LAT.     HORIZ      VERT
             FT       FT/SEC     LB/FT**2       DEG R         1/FT               FT**2        FT        FT        FT        FT
0  .400        .00     446.53   2.1162E+03     518.670     2.8273E+06           320.800      6.750    51.700    21.900     3.125
0          CLA-B(W)= 8.372E-03     CLA-W(B)= 7.480E-02     K-B(W)= 1.202E-01     K-W(B)= 1.074E+00     XAC/C-B(W)= 3.377E-01
0          CLA-B(H)= 4.452E-04     CLA-H(B)= 1.563E-02     K-B(H)= 2.898E-02     K-H(B)= 1.018E+00     XAC/C-B(H)= 1.891E-01
0                                      SIDEWASH, (1 + D(SIGMA)/D(BETA))QV/Q = 8.4312505E-01



                ALPHA         IV-B(W)          IV-W(H)          IV-B(H)          GAMMA/                  GAMMA/
                                                                              2*PI*ALPHA*V*R         (2*PI*ALPHA*V*R)T
               -16.000        .0000E+00       -.7943E+00       -.2345E+00          NDM                    .7568E+00
                -8.000        .0000E+00       -.8750E+00        .0000E+00          NDM                      NDM 
                -6.000        .0000E+00       -.8939E+00        .0000E+00          NDM                      NDM 
                -4.000        .0000E+00       -.9122E+00        .0000E+00        .0000E+00                .0000E+00
                -2.000        .0000E+00       -.9297E+00        .0000E+00        .0000E+00                .0000E+00
                  .000        .0000E+00       -.9463E+00        .0000E+00        .0000E+00                .0000E+00
                 2.000        .0000E+00       -.9618E+00        .0000E+00        .0000E+00                .0000E+00
                 4.000        .0000E+00       -.9762E+00        .0000E+00        .0000E+00                .0000E+00
                 8.000        .0000E+00       -.1001E+01        .0000E+00          NDM                      NDM 
                 9.000        .0000E+00       -.1006E+01        .0000E+00          NDM                      NDM 
                10.000        .0000E+00       -.1011E+01       -.4526E-01          NDM                    .4452E+00
                12.000        .0000E+00       -.1018E+01       -.1408E+00          NDM                    .5544E+00
                14.000        .0000E+00       -.1024E+01       -.1978E+00          NDM                    .6527E+00
                16.000        .0000E+00       -.1027E+01       -.2345E+00          NDM                    .7568E+00
                18.000       -.5628E-02       -.1028E+01       -.2554E+00        .4100E+00                .8559E+00
                19.000       -.2395E-01       -.1027E+01       -.2625E+00        .4338E+00                .9038E+00
                20.000       -.4301E-01       -.1026E+01       -.2665E+00        .4600E+00                .9587E+00
                21.000       -.4512E-01       -.1023E+01       -.2682E+00        .4630E+00                .9886E+00
                22.000       -.4721E-01       -.1020E+01       -.2698E+00        .4660E+00                .1019E+01
                24.000       -.5136E-01       -.1012E+01       -.2737E+00        .4720E+00                .1078E+01


                                                  DYNAMIC DERIVATIVE INCREMENTALS
          CLP(GAMMA=CL=0) =-4.5446E-01     CLP(GAMMA)/CLP (GAMMA=0) = 1.0000E+00      CNP/THETA = 4.1637E-04
                              CYP/GAMMA =-8.5608E-02                    CYP/CL (CL=0) =-1.3894E-01

                                             CLB/GAMMA        (CMO/THETA)W     (CMO/THETA)H
                                              -.2235E-03        -.3192E-03           NA  
0*** NDM PRINTED WHEN NO DATCOM METHODS EXIST
0*** NA PRINTED WHEN METHOD NOT APPLICABLE
1
1 END OF JOB.
